----------------------------------------------------------------------------------------------------------------------------
      name:  <unnamed>
       log:  /Users/home_folder/ECON 2708/Deliverables/Assignments/2708_A2/Data/Logs/assignment_2_log.log
  log type:  text
 opened on:  13 Feb 2025, 13:55:58

. 
. ************************
.         * Question 3a and b)
. ************************
. 
.         /*
>         While trying to merge the co2 dataset, we noticed that some of these countries are represented by a different coun
> try code (ADO & AND for Andorra). This website from UC Irvine confirms this fact - https://faculty.ucr.edu/~jorgea/econ181
> /country_list.pdf
>         
>         Because these entries, we have to go back and consult the iso_codes again to standardize the values:
>         
>         Online = Dataset = Name of Country
>         ADO = AND = Andorra
>         IMY = IMN = Isle of Man
>         KSV = XKX = Kosovo
>         ROM = ROU = Romania
>         TMP = TLS  = Timor-Leste
>         WBG = PSE = West Bank and Gaza
>         ZAR = COD =  Congo, Dem. Rep.
>         */
. 
.         use "$input/co2_by_country_wb", clear

.         replace countrycode = "AND" if countrycode == "ADO"
(50 real changes made)

.         replace countrycode = "IMN" if countrycode == "IMY"
(50 real changes made)

.         replace countrycode = "XKX" if countrycode == "KSV"
(50 real changes made)

.         replace countrycode = "ROU" if countrycode == "ROM"
(50 real changes made)

.         replace countrycode = "TLS" if countrycode == "TMP"
(50 real changes made)

.         replace countrycode = "PSE" if countrycode == "WBG"
(50 real changes made)

.         replace countrycode = "COD" if countrycode == "ZAR"
(50 real changes made)

.         
.         save "$input/co2_by_country_wb_clean", replace
file /Users/home_folder/ECON 2708/Deliverables/Assignments/2708_A2/Data/Input/co2_by_country_wb_clean.dta saved

. 
.         // First we load in the iso_alpha dataset and inspect its structure. We notice that countrycode and country are th
> e only two variables that exist, and there are no value labels. 
.         use "$input/iso_alpha3.dta", clear 

.         describe 

Contains data from /Users/home_folder/ECON 2708/Deliverables/Assignments/2708_A2/Data/Input/iso_alpha3.dta
 Observations:           246                  
    Variables:             2                  10 Feb 2024 18:35
----------------------------------------------------------------------------------------------------------------------------
Variable      Storage   Display    Value
    name         type    format    label      Variable label
----------------------------------------------------------------------------------------------------------------------------
countrycode     str3    %9s                   iso_alpha3
country         str44   %44s                  country
----------------------------------------------------------------------------------------------------------------------------
Sorted by: countrycode

.         
.         // Second , we load in the dataset gdp_country_wb_usd2010. The variables are: country, countrycode, year, and gdp_
> usd2010_market_price, and gdp_usd_2010_percap. 
.         
.         use "$input/gdp_country_wb_usd2010", clear 

.         describe 

Contains data from /Users/home_folder/ECON 2708/Deliverables/Assignments/2708_A2/Data/Input/gdp_country_wb_usd2010.dta
 Observations:        13,200                  
    Variables:             5                  29 Oct 2020 08:09
----------------------------------------------------------------------------------------------------------------------------
Variable      Storage   Display    Value
    name         type    format    label      Variable label
----------------------------------------------------------------------------------------------------------------------------
country         str52   %52s                  Country Name
countrycode     str3    %9s                   Country Code
year            int     %9.0g                 
gdp_usd2010_m~p double  %8.3fc                GDP at market prices (constant 2010 US$) trillion
gdp_usd2010_p~p double  %10.0g                GDP pre capita (constant 2010 US$)
----------------------------------------------------------------------------------------------------------------------------
Sorted by: countrycode  year

.         
.         // Lastly, we load in the final dataset. We can see that there are 4 variables: countrycode, countryname, year, an
> d sp_pop_totl. 
.         use "$input/tot_pop_country_wb", clear 

.         describe 

Contains data from /Users/home_folder/ECON 2708/Deliverables/Assignments/2708_A2/Data/Input/tot_pop_country_wb.dta
 Observations:        15,048                  
    Variables:             4                  5 Dec 2017 07:49
----------------------------------------------------------------------------------------------------------------------------
Variable      Storage   Display    Value
    name         type    format    label      Variable label
----------------------------------------------------------------------------------------------------------------------------
countrycode     str3    %9s                   Country Code
countryname     str52   %52s                  Country Name
year            int     %10.0g                
sp_pop_totl     double  %12.0fc               population, total
----------------------------------------------------------------------------------------------------------------------------
Sorted by: countrycode  year

.         rename countryname country

.         
.         
.         **** Merging *****
.         
.         // To merge the first dataset we merge using country and year as they uniquely identify the dataset. 
.         sort country year 

.         merge 1:1 country year using "$input/gdp_country_wb_usd2010"

    Result                      Number of obs
    -----------------------------------------
    Not matched                         1,848
        from master                     1,848  (_merge==1)
        from using                          0  (_merge==2)

    Matched                            13,200  (_merge==3)
    -----------------------------------------

.         
.         // We investigate the merged values before dropping any observations that do not merge between the master and the 
> using datasets.
.         tab _merge 

   Matching result from |
                  merge |      Freq.     Percent        Cum.
------------------------+-----------------------------------
        Master only (1) |      1,848       12.28       12.28
            Matched (3) |     13,200       87.72      100.00
------------------------+-----------------------------------
                  Total |     15,048      100.00

.         keep if _merge == 3
(1,848 observations deleted)

.         drop _merge

.         
.         // We do the same thing for the co2 dataset. We notice this time that countrycode and year are the unique identifi
> ers. 
.         sort  country year      

.         merge 1:1 countrycode year using "$input/co2_by_country_wb_clean"

    Result                      Number of obs
    -----------------------------------------
    Not matched                         2,350
        from master                     2,350  (_merge==1)
        from using                          0  (_merge==2)

    Matched                            10,850  (_merge==3)
    -----------------------------------------

.         tab _merge

   Matching result from |
                  merge |      Freq.     Percent        Cum.
------------------------+-----------------------------------
        Master only (1) |      2,350       17.80       17.80
            Matched (3) |     10,850       82.20      100.00
------------------------+-----------------------------------
                  Total |     13,200      100.00

.         keep if _merge == 3
(2,350 observations deleted)

.         drop _merge

.         
. ************************
.         * Question 3d)
. ************************
.         
.         // Here we created a new variable to capture the co2_ktons per capita;
.         gen co2_ktons = co2_mtons * 1000 / sp_pop_totl
(2,357 missing values generated)

. 
. ************************
. * Installing outreg2
. ************************
.         // Here we install outreg2 in order to create tables in Excel.  
. ssc install outreg2, replace
checking outreg2 consistency and verifying not already installed...
all files already exist and are up to date.

. 
. ************************
.         * Question 4a)
. ************************
. 
.         regress co2_ktons gdp_usd2010_pcap

      Source |       SS           df       MS      Number of obs   =     7,015
-------------+----------------------------------   F(1, 7013)      =   6182.09
       Model |  .127759111         1  .127759111   Prob > F        =    0.0000
    Residual |  .144930662     7,013  .000020666   R-squared       =    0.4685
-------------+----------------------------------   Adj R-squared   =    0.4684
       Total |  .272689774     7,014  .000038878   Root MSE        =    .00455

----------------------------------------------------------------------------------
       co2_ktons | Coefficient  Std. err.      t    P>|t|     [95% conf. interval]
-----------------+----------------------------------------------------------------
gdp_usd2010_pcap |   2.68e-07   3.40e-09    78.63   0.000     2.61e-07    2.74e-07
           _cons |   .0014261    .000065    21.92   0.000     .0012986    .0015536
----------------------------------------------------------------------------------

.         // Outreg2 is used and also the F-statistic and adjusted R squared are added.
.         outreg2 using "$output/OUTREG2_OUTPUT", addstat(F-test, e(F)) adjr2 excel replace
/Users/home_folder/ECON 2708/Deliverables/Assignments/2708_A2/Data/Output/OUTREG2_OUTPUT.xml
dir : seeout

. 
. 
. ************************
.         * Question 4b)
. ************************
.         // We create a new variable for gdp per capital squared
.         gen gdp_usd2010_pcap_sq = gdp_usd2010_pcap^2
(3,126 missing values generated)

.         regress co2_ktons gdp_usd2010_pcap gdp_usd2010_pcap_sq

      Source |       SS           df       MS      Number of obs   =     7,015
-------------+----------------------------------   F(2, 7012)      =   3572.34
       Model |  .137622776         2  .068811388   Prob > F        =    0.0000
    Residual |  .135066998     7,012  .000019262   R-squared       =    0.5047
-------------+----------------------------------   Adj R-squared   =    0.5045
       Total |  .272689774     7,014  .000038878   Root MSE        =    .00439

-------------------------------------------------------------------------------------
          co2_ktons | Coefficient  Std. err.      t    P>|t|     [95% conf. interval]
--------------------+----------------------------------------------------------------
   gdp_usd2010_pcap |   4.24e-07   7.65e-09    55.40   0.000     4.09e-07    4.39e-07
gdp_usd2010_pcap_sq |  -2.56e-12   1.13e-13   -22.63   0.000    -2.79e-12   -2.34e-12
              _cons |   .0007156   .0000702    10.19   0.000      .000578    .0008532
-------------------------------------------------------------------------------------

.     outreg2 using "$output/OUTREG2_OUTPUT", keep(gdp_usd2010_pcap gdp_usd2010_pcap_sq) addstat(F-test, e(F)) adjr2 excel a
> ppend label
/Users/home_folder/ECON 2708/Deliverables/Assignments/2708_A2/Data/Output/OUTREG2_OUTPUT.xml
dir : seeout

. 
. 
. ************************
.         * Question 4c)
. ************************
.         // We encode country into a numeric variable to be able to create dummy variables in our regression. 
.         encode country, generate(country_numeric)

.         reg co2_ktons gdp_usd2010_pcap gdp_usd2010_pcap_sq i.country_numeric

      Source |       SS           df       MS      Number of obs   =     7,015
-------------+----------------------------------   F(193, 6821)    =    262.02
       Model |  .240279759       193  .001244973   Prob > F        =    0.0000
    Residual |  .032410015     6,821  4.7515e-06   R-squared       =    0.8811
-------------+----------------------------------   Adj R-squared   =    0.8778
       Total |  .272689774     7,014  .000038878   Root MSE        =    .00218

-------------------------------------------------------------------------------------------------
                      co2_ktons | Coefficient  Std. err.      t    P>|t|     [95% conf. interval]
--------------------------------+----------------------------------------------------------------
               gdp_usd2010_pcap |   1.60e-07   1.16e-08    13.83   0.000     1.38e-07    1.83e-07
            gdp_usd2010_pcap_sq |  -1.13e-12   1.12e-13   -10.06   0.000    -1.35e-12   -9.11e-13
                                |
                country_numeric |
                       ALBANIA  |   .0010314   .0007323     1.41   0.159    -.0004041    .0024668
                       ALGERIA  |   .0020047   .0007059     2.84   0.005      .000621    .0033884
                       ANDORRA  |   .0020732    .000861     2.41   0.016     .0003854     .003761
                        ANGOLA  |   .0001448   .0007486     0.19   0.847    -.0013228    .0016124
           ANTIGUA AND BARBUDA  |   .0026353   .0007316     3.60   0.000     .0012012    .0040695
                     ARGENTINA  |   .0024351   .0007095     3.43   0.001     .0010443    .0038258
                       ARMENIA  |   .0008299   .0007825     1.06   0.289     -.000704    .0023638
                         ARUBA  |   .0207849   .0022792     9.12   0.000     .0163169    .0252529
                     AUSTRALIA  |   .0108013     .00076    14.21   0.000     .0093115    .0122912
                       AUSTRIA  |   .0033693   .0007539     4.47   0.000     .0018915    .0048471
                    AZERBAIJAN  |   .0035611   .0007828     4.55   0.000     .0020266    .0050957
                  BAHAMAS, THE  |    .010722   .0007314    14.66   0.000     .0092882    .0121557
                       BAHRAIN  |   .0212936   .0007562    28.16   0.000     .0198111    .0227761
                    BANGLADESH  |  -.0000419   .0007135    -0.06   0.953    -.0014405    .0013568
                      BARBADOS  |   .0019227   .0007449     2.58   0.010     .0004625    .0033829
                       BELARUS  |   .0055208   .0007831     7.05   0.000     .0039857     .007056
                       BELGIUM  |   .0072189   .0007526     9.59   0.000     .0057436    .0086943
                        BELIZE  |   .0008165   .0007055     1.16   0.247    -.0005666    .0021995
                         BENIN  |  -.0000308    .000705    -0.04   0.965    -.0014129    .0013513
                       BERMUDA  |   .0020691   .0007941     2.61   0.009     .0005123    .0036258
                        BHUTAN  |   .0001315    .000732     0.18   0.857    -.0013034    .0015663
                       BOLIVIA  |   .0006251   .0007051     0.89   0.375    -.0007572    .0020074
        BOSNIA AND HERZEGOVINA  |   .0032512   .0007966     4.08   0.000     .0016896    .0048127
                      BOTSWANA  |   .0007656   .0007145     1.07   0.284     -.000635    .0021661
                        BRAZIL  |   .0001988   .0007097     0.28   0.779    -.0011923    .0015899
             BRUNEI DARUSSALAM  |   .0165924   .0007731    21.46   0.000      .015077    .0181078
                      BULGARIA  |   .0064981   .0007333     8.86   0.000     .0050605    .0079357
                  BURKINA FASO  |  -.0001405    .000705    -0.20   0.842    -.0015226    .0012415
                       BURUNDI  |  -.0001585    .000705    -0.22   0.822    -.0015405    .0012236
                    CABO VERDE  |   .0000208   .0007321     0.03   0.977    -.0014143    .0014559
                      CAMBODIA  |  -.0000183   .0007888    -0.02   0.982    -.0015646     .001528
                      CAMEROON  |  -.0000577   .0007051    -0.08   0.935    -.0014399    .0013244
                        CANADA  |   .0117889   .0007602    15.51   0.000     .0102987    .0132791
      CENTRAL AFRICAN REPUBLIC  |  -.0001635    .000705    -0.23   0.817    -.0015456    .0012185
                          CHAD  |  -.0002143    .000705    -0.30   0.761    -.0015963    .0011678
                         CHILE  |   .0016622    .000709     2.34   0.019     .0002724     .003052
                         CHINA  |   .0023443   .0007051     3.32   0.001     .0009621    .0037265
                      COLOMBIA  |   .0007021   .0007063     0.99   0.320    -.0006825    .0020867
                       COMOROS  |  -.0001249   .0007319    -0.17   0.865    -.0015597      .00131
              CONGO, DEM. REP.  |  -.0001615    .000705    -0.23   0.819    -.0015436    .0012205
                   CONGO, REP.  |  -.0000795   .0007054    -0.11   0.910    -.0014623    .0013033
                    COSTA RICA  |   .0002391    .000707     0.34   0.735    -.0011468     .001625
                 COTE D'IVOIRE  |   .0000833   .0007051     0.12   0.906     -.001299    .0014656
                       CROATIA  |    .002707   .0008126     3.33   0.001      .001114    .0042999
                          CUBA  |   .0020449   .0007109     2.88   0.004     .0006514    .0034384
                        CYPRUS  |    .002888   .0007462     3.87   0.000     .0014253    .0043508
                CZECH REPUBLIC  |   .0090746   .0007979    11.37   0.000     .0075104    .0106388
                       DENMARK  |   .0055353   .0007729     7.16   0.000     .0040201    .0070504
                      DJIBOUTI  |   .0001799   .0007707     0.23   0.815     -.001331    .0016907
                      DOMINICA  |   .0002206   .0007257     0.30   0.761     -.001202    .0016433
            DOMINICAN REPUBLIC  |   .0009149   .0007057     1.30   0.195    -.0004684    .0022982
                       ECUADOR  |    .000984   .0007059     1.39   0.163    -.0003999    .0023679
              EGYPT, ARAB REP.  |   .0010553   .0007051     1.50   0.135     -.000327    .0024375
                   EL SALVADOR  |   .0001073   .0007055     0.15   0.879    -.0012757    .0014903
             EQUATORIAL GUINEA  |   .0013786   .0007347     1.88   0.061    -.0000616    .0028188
                       ERITREA  |  -.0000477   .0008124    -0.06   0.953    -.0016402    .0015448
                       ESTONIA  |   .0104576   .0008135    12.85   0.000     .0088628    .0120524
                      ETHIOPIA  |  -.0001286   .0007348    -0.17   0.861     -.001569    .0013119
                 FAROE ISLANDS  |   .0077793   .0022932     3.39   0.001      .003284    .0122746
                          FIJI  |   .0005196   .0007056     0.74   0.461    -.0008635    .0019028
                       FINLAND  |   .0063381   .0007508     8.44   0.000     .0048663    .0078098
                        FRANCE  |   .0029487   .0007509     3.93   0.000     .0014766    .0044208
                         GABON  |   .0034045    .000713     4.77   0.000     .0020067    .0048023
                   GAMBIA, THE  |  -.0000265    .000705    -0.04   0.970    -.0014086    .0013555
                       GEORGIA  |   .0008736   .0007825     1.12   0.264    -.0006602    .0024075
                       GERMANY  |   .0054262   .0008312     6.53   0.000     .0037968    .0070555
                         GHANA  |  -3.59e-06    .000705    -0.01   0.996    -.0013857    .0013785
                        GREECE  |    .003462   .0007296     4.75   0.000     .0020319    .0048922
                     GREENLAND  |   .0068925   .0022894     3.01   0.003     .0024047    .0113804
                       GRENADA  |   .0005129   .0007261     0.71   0.480    -.0009105    .0019363
                     GUATEMALA  |   .0001048   .0007053     0.15   0.882    -.0012779    .0014875
                        GUINEA  |  -.0000497   .0007521    -0.07   0.947    -.0015241    .0014247
                 GUINEA-BISSAU  |  -.0000818   .0007099    -0.12   0.908    -.0014734    .0013098
                        GUYANA  |   .0015394   .0007053     2.18   0.029     .0001568    .0029219
                         HAITI  |  -.0000589   .0008324    -0.07   0.944    -.0016907    .0015729
                      HONDURAS  |   .0002568   .0007051     0.36   0.716    -.0011255    .0016392
          HONG KONG SAR, CHINA  |   .0019744   .0007235     2.73   0.006      .000556    .0033928
                       HUNGARY  |   .0037225   .0007842     4.75   0.000     .0021853    .0052598
                       ICELAND  |   .0034774   .0007476     4.65   0.000     .0020119    .0049429
                         INDIA  |   .0005037    .000705     0.71   0.475    -.0008784    .0018858
                     INDONESIA  |   .0005753   .0007052     0.82   0.415     -.000807    .0019576
            IRAN, ISLAMIC REP.  |   .0038862   .0007069     5.50   0.000     .0025005    .0052718
                          IRAQ  |   .0026712   .0007071     3.78   0.000      .001285    .0040574
                       IRELAND  |   .0049999   .0007467     6.70   0.000     .0035361    .0064638
                        ISRAEL  |   .0043316   .0007312     5.92   0.000     .0028981     .005765
                         ITALY  |   .0030948   .0007456     4.15   0.000     .0016332    .0045564
                       JAMAICA  |   .0023751   .0007064     3.36   0.001     .0009902    .0037599
                         JAPAN  |   .0044351   .0007518     5.90   0.000     .0029613    .0059088
                        JORDAN  |   .0021553   .0007202     2.99   0.003     .0007435    .0035671
                    KAZAKHSTAN  |   .0104922   .0007849    13.37   0.000     .0089537    .0120308
                         KENYA  |  -6.82e-06    .000705    -0.01   0.992    -.0013889    .0013753
                      KIRIBATI  |   .0000164     .00071     0.02   0.982    -.0013755    .0014083
                   KOREA, REP.  |   .0045985   .0007117     6.46   0.000     .0032032    .0059937
                        KUWAIT  |   .0246099   .0008617    28.56   0.000     .0229207     .026299
               KYRGYZ REPUBLIC  |   .0010144   .0007823     1.30   0.195    -.0005191    .0025479
                       LAO PDR  |  -.0001207   .0007445    -0.16   0.871    -.0015803    .0013388
                        LATVIA  |   .0018225   .0008094     2.25   0.024     .0002358    .0034091
                       LEBANON  |   .0030615   .0007637     4.01   0.000     .0015645    .0045586
                       LESOTHO  |   .0006396   .0009612     0.67   0.506    -.0012447    .0025239
                       LIBERIA  |   .0001553    .000705     0.22   0.826    -.0012267    .0015374
                         LIBYA  |   .0071128   .0008497     8.37   0.000     .0054471    .0087785
                 LIECHTENSTEIN  |   .0011103   .0024861     0.45   0.655    -.0037632    .0059837
                     LITHUANIA  |   .0026143   .0008095     3.23   0.001     .0010273    .0042012
                    LUXEMBOURG  |   .0215973   .0007851    27.51   0.000     .0200583    .0231364
              MACAO SAR, CHINA  |  -.0001305   .0007709    -0.17   0.866    -.0016417    .0013807
                MACEDONIA, FYR  |   .0044384   .0007831     5.67   0.000     .0029033    .0059735
                    MADAGASCAR  |  -.0001197    .000705    -0.17   0.865    -.0015017    .0012624
                        MALAWI  |  -.0001295    .000705    -0.18   0.854    -.0015116    .0012525
                      MALAYSIA  |   .0031965   .0007119     4.49   0.000      .001801    .0045921
                      MALDIVES  |   .0011998   .0008745     1.37   0.170    -.0005144    .0029141
                          MALI  |  -.0001618    .000705    -0.23   0.819    -.0015438    .0012203
                         MALTA  |   .0029329   .0007203     4.07   0.000     .0015209    .0043449
              MARSHALL ISLANDS  |   .0009336   .0007712     1.21   0.226    -.0005781    .0024453
                    MAURITANIA  |   .0001949   .0007051     0.28   0.782    -.0011872     .001577
                     MAURITIUS  |   .0008404   .0007233     1.16   0.245    -.0005775    .0022583
                        MEXICO  |   .0022192   .0007089     3.13   0.002     .0008295    .0036089
         MICRONESIA, FED. STS.  |   .0006649   .0008223     0.81   0.419     -.000947    .0022768
                       MOLDOVA  |   .0015463   .0007823     1.98   0.048     .0000127    .0030798
                      MONGOLIA  |   .0044614    .000735     6.07   0.000     .0030206    .0059022
                    MONTENEGRO  |   .0026296   .0009634     2.73   0.006     .0007409    .0045182
                       MOROCCO  |    .000586   .0007052     0.83   0.406    -.0007963    .0019684
                    MOZAMBIQUE  |  -.0000904   .0007319    -0.12   0.902    -.0015252    .0013444
                       NAMIBIA  |   .0002289   .0007718     0.30   0.767    -.0012841    .0017419
                         NEPAL  |  -.0001377    .000705    -0.20   0.845    -.0015198    .0012443
                   NETHERLANDS  |   .0063063   .0007595     8.30   0.000     .0048174    .0077953
                   NEW ZEALAND  |   .0035612   .0007633     4.67   0.000     .0020649    .0050575
                     NICARAGUA  |   .0002605   .0007051     0.37   0.712    -.0011218    .0016428
                         NIGER  |  -.0001387    .000705    -0.20   0.844    -.0015208    .0012433
                       NIGERIA  |   .0002106   .0007051     0.30   0.765    -.0011717    .0015929
                        NORWAY  |   .0034719   .0007869     4.41   0.000     .0019293    .0050144
                          OMAN  |   .0057628   .0007185     8.02   0.000     .0043544    .0071713
                      PAKISTAN  |   .0003489    .000705     0.49   0.621    -.0010332     .001731
                         PALAU  |    .007105   .0007828     9.08   0.000     .0055704    .0086395
                        PANAMA  |   .0008202   .0007068     1.16   0.246    -.0005654    .0022058
              PAPUA NEW GUINEA  |   .0001826   .0007051     0.26   0.796    -.0011995    .0015648
                      PARAGUAY  |   .0000248   .0007054     0.04   0.972     -.001358    .0014075
                          PERU  |    .000539   .0007059     0.76   0.445    -.0008448    .0019228
                   PHILIPPINES  |   .0003703   .0007051     0.53   0.599     -.001012    .0017526
                        POLAND  |    .006913   .0007761     8.91   0.000     .0053917    .0084344
                      PORTUGAL  |    .001523   .0007213     2.11   0.035     .0001091    .0029369
                         QATAR  |   .0467391   .0009383    49.81   0.000     .0448998    .0485784
                       ROMANIA  |   .0036514   .0007732     4.72   0.000     .0021357    .0051671
            RUSSIAN FEDERATION  |    .010079   .0007866    12.81   0.000      .008537    .0116211
                        RWANDA  |  -.0001495    .000705    -0.21   0.832    -.0015316    .0012326
                         SAMOA  |   .0002593   .0007383     0.35   0.725    -.0011881    .0017067
         SAO TOME AND PRINCIPE  |   .0001831   .0008575     0.21   0.831     -.001498    .0018642
                  SAUDI ARABIA  |   .0114221   .0007271    15.71   0.000     .0099968    .0128474
                       SENEGAL  |    .000123    .000705     0.17   0.862    -.0012591    .0015051
                        SERBIA  |   .0056755   .0009964     5.70   0.000     .0037223    .0076287
                    SEYCHELLES  |   .0024412   .0007089     3.44   0.001     .0010516    .0038308
                  SIERRA LEONE  |  -.0000741    .000705    -0.11   0.916    -.0014562    .0013079
                     SINGAPORE  |   .0078889   .0007323    10.77   0.000     .0064533    .0093245
               SLOVAK REPUBLIC  |   .0052269   .0007916     6.60   0.000     .0036751    .0067787
                      SLOVENIA  |   .0046993    .000826     5.69   0.000     .0030801    .0063186
               SOLOMON ISLANDS  |   .0000127   .0007707     0.02   0.987    -.0014982    .0015236
                  SOUTH AFRICA  |     .00729   .0007081    10.30   0.000     .0059019    .0086781
                   SOUTH SUDAN  |  -.0001488   .0016648    -0.09   0.929    -.0034124    .0031149
                         SPAIN  |   .0025537   .0007331     3.48   0.000     .0011167    .0039908
                     SRI LANKA  |   3.74e-06   .0007051     0.01   0.996    -.0013785     .001386
           ST. KITTS AND NEVIS  |   .0016105   .0007309     2.20   0.028     .0001778    .0030433
                     ST. LUCIA  |   .0007296   .0007341     0.99   0.320    -.0007094    .0021686
ST. VINCENT AND THE GRENADINES  |   .0002993   .0007059     0.42   0.672    -.0010845    .0016832
                         SUDAN  |   3.47e-07    .000705     0.00   1.000    -.0013818    .0013824
                      SURINAME  |   .0034787    .000723     4.81   0.000     .0020615    .0048959
                     SWAZILAND  |   .0002502   .0007101     0.35   0.725    -.0011419    .0016423
                        SWEDEN  |   .0028135   .0007617     3.69   0.000     .0013203    .0043068
                   SWITZERLAND  |  -.0000101    .000822    -0.01   0.990    -.0016215    .0016014
                    TAJIKISTAN  |   .0002003   .0007823     0.26   0.798    -.0013332    .0017338
                      TANZANIA  |  -.0001265   .0007607    -0.17   0.868    -.0016178    .0013648
                      THAILAND  |   .0014396   .0007054     2.04   0.041     .0000567    .0028225
                   TIMOR-LESTE  |   -.000066   .0008899    -0.07   0.941    -.0018105    .0016785
                          TOGO  |  -.0000115    .000705    -0.02   0.987    -.0013936    .0013705
                         TONGA  |   .0003143   .0007354     0.43   0.669    -.0011273    .0017559
           TRINIDAD AND TOBAGO  |   .0165394   .0007113    23.25   0.000      .015145    .0179338
                       TUNISIA  |   .0011164   .0007054     1.58   0.114    -.0002664    .0024992
                        TURKEY  |   .0014513   .0007082     2.05   0.040      .000063    .0028396
                  TURKMENISTAN  |    .008814   .0007828    11.26   0.000     .0072794    .0103486
                        UGANDA  |  -.0001547   .0007379    -0.21   0.834    -.0016011    .0012918
                       UKRAINE  |   .0067554   .0007826     8.63   0.000     .0052213    .0082895
          UNITED ARAB EMIRATES  |   .0250372    .000805    31.10   0.000     .0234591    .0266153
                UNITED KINGDOM  |   .0059998    .000744     8.06   0.000     .0045414    .0074582
                 UNITED STATES  |   .0151855   .0007588    20.01   0.000      .013698     .016673
                       URUGUAY  |   .0004362   .0007094     0.61   0.539    -.0009543    .0018268
                    UZBEKISTAN  |    .004173   .0007823     5.33   0.000     .0026395    .0057065
                       VANUATU  |  -.0001175   .0007296    -0.16   0.872    -.0015477    .0013128
                 VENEZUELA, RB  |   .0038507   .0007169     5.37   0.000     .0024454    .0052559
                       VIETNAM  |   .0005385   .0007446     0.72   0.470     -.000921    .0019981
            WEST BANK AND GAZA  |  -.0000378   .0008221    -0.05   0.963    -.0016494    .0015738
                   YEMEN, REP.  |   .0005331   .0007707     0.69   0.489    -.0009777     .002044
                        ZAMBIA  |   .0001058   .0007051     0.15   0.881    -.0012764     .001488
                      ZIMBABWE  |   .0009171   .0007051     1.30   0.193     -.000465    .0022993
                                |
                          _cons |   .0001527   .0006293     0.24   0.808    -.0010809    .0013862
-------------------------------------------------------------------------------------------------

.         outreg2 using "$output/OUTREG2_OUTPUT", keep(co2_ktons gdp_usd2010_pcap gdp_usd2010_pcap_sq) addstat(F-test, e(F))
>  adjr2 excel append label
/Users/home_folder/ECON 2708/Deliverables/Assignments/2708_A2/Data/Output/OUTREG2_OUTPUT.xml
dir : seeout

. 
. 
. ************************
.         * Question 4d)
. ************************
. 
.         // We added year to our regression. 
.         regress co2_ktons gdp_usd2010_pcap gdp_usd2010_pcap_sq i.country_numeric i.year

      Source |       SS           df       MS      Number of obs   =     7,015
-------------+----------------------------------   F(239, 6775)    =    214.41
       Model |  .240847507       239   .00100773   Prob > F        =    0.0000
    Residual |  .031842267     6,775  4.7000e-06   R-squared       =    0.8832
-------------+----------------------------------   Adj R-squared   =    0.8791
       Total |  .272689774     7,014  .000038878   Root MSE        =    .00217

-------------------------------------------------------------------------------------------------
                      co2_ktons | Coefficient  Std. err.      t    P>|t|     [95% conf. interval]
--------------------------------+----------------------------------------------------------------
               gdp_usd2010_pcap |   1.62e-07   1.35e-08    12.00   0.000     1.35e-07    1.88e-07
            gdp_usd2010_pcap_sq |  -1.15e-12   1.21e-13    -9.49   0.000    -1.38e-12   -9.10e-13
                                |
                country_numeric |
                       ALBANIA  |   .0011029   .0007302     1.51   0.131    -.0003286    .0025343
                       ALGERIA  |   .0020049   .0007055     2.84   0.005     .0006218    .0033879
                       ANDORRA  |    .002095   .0008834     2.37   0.018     .0003633    .0038267
                        ANGOLA  |   .0002017   .0007463     0.27   0.787    -.0012612    .0016647
           ANTIGUA AND BARBUDA  |   .0026369   .0007347     3.59   0.000     .0011967    .0040771
                     ARGENTINA  |   .0024311   .0007122     3.41   0.001      .001035    .0038272
                       ARMENIA  |    .000862   .0007792     1.11   0.269    -.0006655    .0023895
                         ARUBA  |   .0207368   .0022758     9.11   0.000     .0162754    .0251982
                     AUSTRALIA  |   .0107853   .0007913    13.63   0.000     .0092341    .0123366
                       AUSTRIA  |   .0033536   .0007819     4.29   0.000     .0018208    .0048863
                    AZERBAIJAN  |   .0035922   .0007798     4.61   0.000     .0020636    .0051208
                  BAHAMAS, THE  |   .0107089    .000747    14.33   0.000     .0092444    .0121733
                       BAHRAIN  |    .021351   .0007674    27.82   0.000     .0198465    .0228554
                    BANGLADESH  |  -.0000886   .0007112    -0.12   0.901    -.0014828    .0013056
                      BARBADOS  |   .0019839   .0007504     2.64   0.008     .0005129    .0034549
                       BELARUS  |   .0055512   .0007803     7.11   0.000     .0040216    .0070807
                       BELGIUM  |    .007203   .0007799     9.24   0.000     .0056742    .0087318
                        BELIZE  |   .0008174   .0007048     1.16   0.246    -.0005642    .0021989
                         BENIN  |  -.0000275   .0007031    -0.04   0.969    -.0014058    .0013508
                       BERMUDA  |   .0020675   .0008424     2.45   0.014     .0004162    .0037189
                        BHUTAN  |   .0002044   .0007294     0.28   0.779    -.0012256    .0016343
                       BOLIVIA  |   .0006273   .0007037     0.89   0.373    -.0007521    .0020067
        BOSNIA AND HERZEGOVINA  |   .0032894   .0007934     4.15   0.000     .0017342    .0048446
                      BOTSWANA  |   .0007153   .0007138     1.00   0.316    -.0006839    .0021145
                        BRAZIL  |   .0001947   .0007125     0.27   0.785    -.0012021    .0015915
             BRUNEI DARUSSALAM  |   .0165354   .0008019    20.62   0.000     .0149634    .0181074
                      BULGARIA  |   .0065674   .0007323     8.97   0.000      .005132    .0080028
                  BURKINA FASO  |   -.000137    .000703    -0.19   0.846     -.001515    .0012411
                       BURUNDI  |  -.0001548   .0007029    -0.22   0.826    -.0015327    .0012232
                    CABO VERDE  |    .000093   .0007298     0.13   0.899    -.0013376    .0015236
                      CAMBODIA  |   .0000189   .0007852     0.02   0.981    -.0015203    .0015581
                      CAMEROON  |   -.000055   .0007034    -0.08   0.938    -.0014338    .0013238
                        CANADA  |   .0117725   .0007915    14.87   0.000      .010221    .0133241
      CENTRAL AFRICAN REPUBLIC  |  -.0001601    .000703    -0.23   0.820    -.0015383    .0012181
                          CHAD  |  -.0002109   .0007031    -0.30   0.764    -.0015892    .0011673
                         CHILE  |   .0016587   .0007114     2.33   0.020     .0002642    .0030532
                         CHINA  |   .0023467   .0007036     3.34   0.001     .0009675    .0037259
                      COLOMBIA  |   .0007015   .0007065     0.99   0.321    -.0006834    .0020864
                       COMOROS  |  -.0000515   .0007293    -0.07   0.944    -.0014812    .0013781
              CONGO, DEM. REP.  |  -.0001582   .0007031    -0.23   0.822    -.0015365      .00122
                   CONGO, REP.  |  -.0000782   .0007044    -0.11   0.912     -.001459    .0013026
                    COSTA RICA  |   .0002376   .0007077     0.34   0.737    -.0011498     .001625
                 COTE D'IVOIRE  |   .0000855   .0007037     0.12   0.903    -.0012939    .0014649
                       CROATIA  |   .0027382    .000813     3.37   0.001     .0011444     .004332
                          CUBA  |   .0020013   .0007104     2.82   0.005     .0006088    .0033938
                        CYPRUS  |   .0028485   .0007599     3.75   0.000     .0013588    .0043382
                CZECH REPUBLIC  |   .0090945   .0008021    11.34   0.000     .0075222    .0106669
                       DENMARK  |   .0055204   .0008114     6.80   0.000     .0039299    .0071109
                      DJIBOUTI  |   .0002171   .0007675     0.28   0.777    -.0012874    .0017216
                      DOMINICA  |   .0002272   .0007251     0.31   0.754    -.0011942    .0016486
            DOMINICAN REPUBLIC  |   .0009155   .0007051     1.30   0.194    -.0004667    .0022976
                       ECUADOR  |    .000984   .0007057     1.39   0.163    -.0003994    .0023674
              EGYPT, ARAB REP.  |   .0010575   .0007037     1.50   0.133    -.0003219    .0024369
                   EL SALVADOR  |   .0001082   .0007047     0.15   0.878    -.0012732    .0014896
             EQUATORIAL GUINEA  |   .0014466   .0007346     1.97   0.049     6.54e-06    .0028867
                       ERITREA  |  -.0000102   .0008087    -0.01   0.990    -.0015956    .0015752
                       ESTONIA  |   .0104884   .0008144    12.88   0.000     .0088919    .0120848
                      ETHIOPIA  |    -.00004    .000732    -0.05   0.956    -.0014749    .0013949
                 FAROE ISLANDS  |   .0077299   .0022962     3.37   0.001     .0032286    .0122313
                          FIJI  |   .0005204   .0007049     0.74   0.460    -.0008614    .0019022
                       FINLAND  |   .0063227   .0007773     8.13   0.000      .004799    .0078463
                        FRANCE  |   .0029327   .0007772     3.77   0.000     .0014091    .0044564
                         GABON  |   .0033982   .0007182     4.73   0.000     .0019903     .004806
                   GAMBIA, THE  |  -.0000231    .000703    -0.03   0.974    -.0014013    .0013551
                       GEORGIA  |   .0009058   .0007792     1.16   0.245    -.0006216    .0024332
                       GERMANY  |     .00544   .0008539     6.37   0.000     .0037662    .0071139
                         GHANA  |  -6.93e-07   .0007033    -0.00   0.999    -.0013794     .001378
                        GREECE  |   .0034495   .0007443     4.63   0.000     .0019905    .0049086
                     GREENLAND  |   .0068418   .0022905     2.99   0.003     .0023517     .011332
                       GRENADA  |    .000519   .0007257     0.72   0.475    -.0009036    .0019416
                     GUATEMALA  |   .0001062   .0007043     0.15   0.880    -.0012744    .0014869
                        GUINEA  |   4.03e-06    .000749     0.01   0.996    -.0014642    .0014723
                 GUINEA-BISSAU  |  -.0001219   .0007077    -0.17   0.863    -.0015093    .0012655
                        GUYANA  |    .001541   .0007041     2.19   0.029     .0001607    .0029213
                         HAITI  |  -.0000339   .0008282    -0.04   0.967    -.0016576    .0015897
                      HONDURAS  |    .000259   .0007037     0.37   0.713    -.0011205    .0016385
          HONG KONG SAR, CHINA  |   .0019642   .0007352     2.67   0.008      .000523    .0034053
                       HUNGARY  |   .0037468    .000785     4.77   0.000     .0022079    .0052857
                       ICELAND  |   .0034621   .0007722     4.48   0.000     .0019483    .0049759
                         INDIA  |   .0005069   .0007031     0.72   0.471    -.0008714    .0018853
                     INDONESIA  |   .0005774   .0007038     0.82   0.412    -.0008022     .001957
            IRAN, ISLAMIC REP.  |   .0038848   .0007075     5.49   0.000     .0024978    .0052717
                          IRAQ  |   .0026566   .0007063     3.76   0.000      .001272    .0040413
                       IRELAND  |   .0049433   .0007679     6.44   0.000     .0034379    .0064487
                        ISRAEL  |   .0043188   .0007469     5.78   0.000     .0028545     .005783
                         ITALY  |   .0030794   .0007691     4.00   0.000     .0015718     .004587
                       JAMAICA  |   .0023743   .0007067     3.36   0.001     .0009889    .0037597
                         JAPAN  |   .0044194   .0007787     5.68   0.000     .0028929    .0059459
                        JORDAN  |   .0021293   .0007189     2.96   0.003     .0007201    .0035385
                    KAZAKHSTAN  |   .0105201    .000783    13.44   0.000     .0089852     .012055
                         KENYA  |  -3.77e-06   .0007032    -0.01   0.996    -.0013823    .0013747
                      KIRIBATI  |   -.000025   .0007084    -0.04   0.972    -.0014138    .0013637
                   KOREA, REP.  |   .0045932   .0007162     6.41   0.000     .0031893    .0059972
                        KUWAIT  |   .0246317   .0008844    27.85   0.000      .022898    .0263654
               KYRGYZ REPUBLIC  |    .001048   .0007787     1.35   0.178    -.0004786    .0025745
                       LAO PDR  |  -.0000522   .0007416    -0.07   0.944    -.0015061    .0014016
                        LATVIA  |   .0018558   .0008084     2.30   0.022     .0002712    .0034405
                       LEBANON  |    .003095   .0007625     4.06   0.000     .0016002    .0045898
                       LESOTHO  |   .0006378   .0009564     0.67   0.505    -.0012369    .0025126
                       LIBERIA  |   .0001584   .0007032     0.23   0.822    -.0012201    .0015369
                         LIBYA  |   .0071225   .0008477     8.40   0.000     .0054607    .0087843
                 LIECHTENSTEIN  |   .0012173   .0024791     0.49   0.623    -.0036425    .0060771
                     LITHUANIA  |   .0026475   .0008086     3.27   0.001     .0010624    .0042327
                    LUXEMBOURG  |   .0216024   .0008273    26.11   0.000     .0199807     .023224
              MACAO SAR, CHINA  |  -.0000612   .0007869    -0.08   0.938    -.0016036    .0014813
                MACEDONIA, FYR  |   .0044687   .0007803     5.73   0.000     .0029392    .0059983
                    MADAGASCAR  |  -.0001162    .000703    -0.17   0.869    -.0014944    .0012619
                        MALAWI  |   -.000126    .000703    -0.18   0.858     -.001504    .0012521
                      MALAYSIA  |   .0031514   .0007123     4.42   0.000      .001755    .0045479
                      MALDIVES  |   .0011958   .0008706     1.37   0.170    -.0005108    .0029025
                          MALI  |  -.0001582    .000703    -0.23   0.822    -.0015363    .0012198
                         MALTA  |   .0028819   .0007264     3.97   0.000      .001458    .0043059
              MARSHALL ISLANDS  |   .0009691   .0007683     1.26   0.207     -.000537    .0024752
                    MAURITANIA  |   .0001976   .0007034     0.28   0.779    -.0011812    .0015764
                     MAURITIUS  |   .0008289   .0007227     1.15   0.251    -.0005878    .0022456
                        MEXICO  |   .0022157   .0007113     3.12   0.002     .0008213      .00361
         MICRONESIA, FED. STS.  |   .0006958   .0008185     0.85   0.395    -.0009086    .0023003
                       MOLDOVA  |   .0015791   .0007789     2.03   0.043     .0000523     .003106
                      MONGOLIA  |   .0045482   .0007327     6.21   0.000     .0031119    .0059844
                    MONTENEGRO  |   .0026222   .0009592     2.73   0.006     .0007419    .0045026
                       MOROCCO  |   .0005881   .0007038     0.84   0.403    -.0007916    .0019677
                    MOZAMBIQUE  |  -.0000165   .0007291    -0.02   0.982    -.0014459    .0014128
                       NAMIBIA  |    .000263   .0007694     0.34   0.732    -.0012452    .0017712
                         NEPAL  |  -.0001342    .000703    -0.19   0.849    -.0015122    .0012439
                   NETHERLANDS  |   .0062903   .0007906     7.96   0.000     .0047404    .0078402
                   NEW ZEALAND  |   .0035532   .0007827     4.54   0.000     .0020188    .0050876
                     NICARAGUA  |   .0002627   .0007037     0.37   0.709    -.0011167    .0016422
                         NIGER  |  -.0001352    .000703    -0.19   0.848    -.0015133    .0012429
                       NIGERIA  |   .0002128   .0007037     0.30   0.762    -.0011667    .0015922
                        NORWAY  |   .0034701    .000832     4.17   0.000     .0018391    .0051011
                          OMAN  |   .0057539    .000727     7.91   0.000     .0043288     .007179
                      PAKISTAN  |   .0003521   .0007031     0.50   0.617    -.0010263    .0017305
                         PALAU  |   .0071301    .000783     9.11   0.000     .0055951     .008665
                        PANAMA  |   .0008188   .0007075     1.16   0.247    -.0005681    .0022057
              PAPUA NEW GUINEA  |   .0001852   .0007034     0.26   0.792    -.0011937    .0015642
                      PARAGUAY  |   .0000261   .0007043     0.04   0.970    -.0013546    .0014068
                          PERU  |   .0005391   .0007056     0.76   0.445    -.0008441    .0019223
                   PHILIPPINES  |   .0003725   .0007037     0.53   0.597    -.0010069     .001752
                        POLAND  |   .0069427   .0007759     8.95   0.000     .0054217    .0084637
                      PORTUGAL  |   .0015131   .0007314     2.07   0.039     .0000794    .0029469
                         QATAR  |   .0467389   .0009691    48.23   0.000     .0448392    .0486386
                       ROMANIA  |   .0036836   .0007716     4.77   0.000     .0021711    .0051961
            RUSSIAN FEDERATION  |   .0101051   .0007856    12.86   0.000     .0085651    .0116452
                        RWANDA  |  -.0001459    .000703    -0.21   0.836     -.001524    .0012321
                         SAMOA  |   .0003418   .0007363     0.46   0.642    -.0011015    .0017851
         SAO TOME AND PRINCIPE  |   .0001897   .0008531     0.22   0.824    -.0014826     .001862
                  SAUDI ARABIA  |   .0113953   .0007393    15.41   0.000     .0099461    .0128446
                       SENEGAL  |    .000126   .0007032     0.18   0.858    -.0012526    .0015045
                        SERBIA  |    .005669   .0009919     5.72   0.000     .0037246    .0076133
                    SEYCHELLES  |   .0024378   .0007112     3.43   0.001     .0010437    .0038319
                  SIERRA LEONE  |  -.0000706    .000703    -0.10   0.920    -.0014487    .0013075
                     SINGAPORE  |   .0078772   .0007492    10.51   0.000     .0064085    .0093459
               SLOVAK REPUBLIC  |   .0052497   .0007929     6.62   0.000     .0036953    .0068042
                      SLOVENIA  |   .0047252   .0008323     5.68   0.000     .0030936    .0063568
               SOLOMON ISLANDS  |   .0000499   .0007675     0.06   0.948    -.0014547    .0015544
                  SOUTH AFRICA  |   .0072872   .0007098    10.27   0.000     .0058958    .0086787
                   SOUTH SUDAN  |   -.000075    .001659    -0.05   0.964    -.0033271    .0031771
                         SPAIN  |   .0025405   .0007498     3.39   0.001     .0010707    .0040102
                     SRI LANKA  |   6.13e-06   .0007036     0.01   0.993    -.0013731    .0013854
           ST. KITTS AND NEVIS  |   .0016125   .0007335     2.20   0.028     .0001746    .0030505
                     ST. LUCIA  |    .000798   .0007335     1.09   0.277    -.0006399    .0022359
ST. VINCENT AND THE GRENADINES  |   .0002993   .0007057     0.42   0.671     -.001084    .0016827
                         SUDAN  |   3.27e-06   .0007033     0.00   0.996    -.0013754    .0013819
                      SURINAME  |    .003449   .0007238     4.76   0.000     .0020301    .0048679
                     SWAZILAND  |   .0002084   .0007087     0.29   0.769     -.001181    .0015977
                        SWEDEN  |   .0027974    .000794     3.52   0.000      .001241    .0043539
                   SWITZERLAND  |   .0000544    .000866     0.06   0.950    -.0016432    .0017521
                    TAJIKISTAN  |    .000234   .0007787     0.30   0.764    -.0012925    .0017605
                      TANZANIA  |  -.0000868   .0007575    -0.11   0.909    -.0015717    .0013982
                      THAILAND  |   .0014407   .0007046     2.04   0.041     .0000596    .0028219
                   TIMOR-LESTE  |  -.0000663   .0008851    -0.07   0.940    -.0018013    .0016687
                          TOGO  |  -8.13e-06   .0007031    -0.01   0.991    -.0013863    .0013701
                         TONGA  |   .0003998   .0007335     0.55   0.586     -.001038    .0018377
           TRINIDAD AND TOBAGO  |   .0165342   .0007154    23.11   0.000     .0151319    .0179365
                       TUNISIA  |   .0011176   .0007044     1.59   0.113    -.0002632    .0024985
                        TURKEY  |   .0014485     .00071     2.04   0.041     .0000566    .0028403
                  TURKMENISTAN  |    .008845   .0007798    11.34   0.000     .0073163    .0103736
                        UGANDA  |  -.0000695    .000735    -0.09   0.925    -.0015104    .0013713
                       UKRAINE  |    .006787   .0007794     8.71   0.000     .0052591    .0083149
          UNITED ARAB EMIRATES  |   .0250152   .0008463    29.56   0.000     .0233563    .0266742
                UNITED KINGDOM  |   .0059848   .0007666     7.81   0.000      .004482    .0074875
                 UNITED STATES  |   .0151695   .0007895    19.21   0.000     .0136219    .0167172
                       URUGUAY  |   .0004324   .0007121     0.61   0.544    -.0009635    .0018282
                    UZBEKISTAN  |   .0042062   .0007788     5.40   0.000     .0026796    .0057329
                       VANUATU  |  -.0000659   .0007277    -0.09   0.928    -.0014924    .0013606
                 VENEZUELA, RB  |   .0038424   .0007243     5.30   0.000     .0024225    .0052623
                       VIETNAM  |   .0006069   .0007417     0.82   0.413     -.000847    .0020608
            WEST BANK AND GAZA  |  -6.45e-06   .0008183    -0.01   0.994    -.0016105    .0015976
                   YEMEN, REP.  |   .0005705   .0007674     0.74   0.457    -.0009339    .0020749
                        ZAMBIA  |   .0001084   .0007034     0.15   0.877    -.0012705    .0014874
                      ZIMBABWE  |   .0009199   .0007033     1.31   0.191    -.0004588    .0022987
                                |
                           year |
                          1968  |   .0000543   .0003146     0.17   0.863    -.0005625     .000671
                          1969  |   .0001539   .0003147     0.49   0.625     -.000463    .0007707
                          1970  |   .0004837   .0003095     1.56   0.118     -.000123    .0010904
                          1971  |   .0007371   .0003095     2.38   0.017     .0001303    .0013439
                          1972  |   .0008129   .0003083     2.64   0.008     .0002086    .0014172
                          1973  |   .0010962   .0003084     3.55   0.000     .0004917    .0017008
                          1974  |   .0012844   .0003079     4.17   0.000     .0006809     .001888
                          1975  |   .0013461   .0003053     4.41   0.000     .0007477    .0019445
                          1976  |   .0013888   .0003049     4.56   0.000     .0007912    .0019864
                          1977  |   .0014151    .000302     4.69   0.000     .0008232     .002007
                          1978  |   .0014814   .0003021     4.90   0.000     .0008892    .0020736
                          1979  |   .0013299   .0003017     4.41   0.000     .0007384    .0019214
                          1980  |   .0011202   .0002962     3.78   0.000     .0005396    .0017008
                          1981  |   .0005189   .0002948     1.76   0.078     -.000059    .0010969
                          1982  |   .0004523   .0002935     1.54   0.123     -.000123    .0010277
                          1983  |   .0003099   .0002935     1.06   0.291    -.0002655    .0008854
                          1984  |   .0003725   .0002929     1.27   0.204    -.0002017    .0009466
                          1985  |    .000489   .0002926     1.67   0.095    -.0000846    .0010625
                          1986  |   .0004454   .0002923     1.52   0.128    -.0001277    .0010184
                          1987  |   .0005089   .0002925     1.74   0.082    -.0000645    .0010823
                          1988  |   .0005922    .000292     2.03   0.043     .0000199    .0011646
                          1989  |   .0007088   .0002921     2.43   0.015     .0001361    .0012815
                          1990  |   .0005897   .0002897     2.04   0.042     .0000217    .0011577
                          1991  |    .000662   .0002887     2.29   0.022      .000096     .001228
                          1992  |   .0007496   .0002842     2.64   0.008     .0001925    .0013066
                          1993  |   .0007526   .0002839     2.65   0.008     .0001961    .0013092
                          1994  |   .0006869   .0002835     2.42   0.015     .0001311    .0012427
                          1995  |   .0006067   .0002817     2.15   0.031     .0000544    .0011589
                          1996  |   .0005817    .000282     2.06   0.039     .0000289    .0011345
                          1997  |    .000547   .0002819     1.94   0.052    -5.52e-06    .0010996
                          1998  |   .0005865   .0002819     2.08   0.038     .0000339     .001139
                          1999  |   .0005325   .0002819     1.89   0.059    -.0000201     .001085
                          2000  |   .0006289   .0002818     2.23   0.026     .0000765    .0011813
                          2001  |   .0006924   .0002817     2.46   0.014     .0001401    .0012447
                          2002  |   .0006408   .0002815     2.28   0.023     .0000889    .0011926
                          2003  |   .0007385   .0002819     2.62   0.009      .000186    .0012911
                          2004  |   .0007432   .0002825     2.63   0.009     .0001894    .0012969
                          2005  |   .0007099   .0002826     2.51   0.012      .000156    .0012639
                          2006  |   .0008105    .000283     2.86   0.004     .0002557    .0013654
                          2007  |   .0008123   .0002837     2.86   0.004     .0002562    .0013684
                          2008  |   .0008002   .0002839     2.82   0.005     .0002437    .0013566
                          2009  |   .0005941   .0002832     2.10   0.036      .000039    .0011493
                          2010  |   .0007409   .0002835     2.61   0.009     .0001851    .0012967
                          2011  |   .0006666   .0002838     2.35   0.019     .0001102     .001223
                          2012  |   .0006939   .0002842     2.44   0.015     .0001367    .0012511
                          2013  |   .0005797   .0002844     2.04   0.042     .0000222    .0011372
                                |
                          _cons |  -.0005588   .0006693    -0.83   0.404    -.0018708    .0007532
-------------------------------------------------------------------------------------------------

.         outreg2 using "$output/OUTREG2_OUTPUT",  keep(co2_ktons gdp_usd2010_pcap gdp_usd2010_pcap_sq) addstat(F-test, e(F)
> ) adjr2 excel append label
/Users/home_folder/ECON 2708/Deliverables/Assignments/2708_A2/Data/Output/OUTREG2_OUTPUT.xml
dir : seeout

. 
. log close
      name:  <unnamed>
       log:  /Users/home_folder/ECON 2708/Deliverables/Assignments/2708_A2/Data/Logs/assignment_2_log.log
  log type:  text
 closed on:  13 Feb 2025, 13:55:59
----------------------------------------------------------------------------------------------------------------------------
